[debug] [2023-06-20T12:31:12.253Z] ----------------------------------------------------------------------
[debug] [2023-06-20T12:31:12.255Z] Command:       C:\Program Files\nodejs\node.exe C:\Users\cssah\AppData\Roaming\npm\node_modules\firebase-tools\lib\bin\firebase.js init
[debug] [2023-06-20T12:31:12.256Z] CLI Version:   12.4.0
[debug] [2023-06-20T12:31:12.256Z] Platform:      win32
[debug] [2023-06-20T12:31:12.256Z] Node Version:  v18.15.0
[debug] [2023-06-20T12:31:12.257Z] Time:          Tue Jun 20 2023 18:01:12 GMT+0530 (India Standard Time)
[debug] [2023-06-20T12:31:12.257Z] ----------------------------------------------------------------------
[debug] 
[debug] [2023-06-20T12:31:12.263Z] > command requires scopes: ["email","openid","https://www.googleapis.com/auth/cloudplatformprojects.readonly","https://www.googleapis.com/auth/firebase","https://www.googleapis.com/auth/cloud-platform"]
[debug] [2023-06-20T12:31:12.263Z] > authorizing via signed-in user (nsonu398@gmail.com)
[info] 
     ######## #### ########  ######## ########     ###     ######  ########
     ##        ##  ##     ## ##       ##     ##  ##   ##  ##       ##
     ######    ##  ########  ######   ########  #########  ######  ######
     ##        ##  ##    ##  ##       ##     ## ##     ##       ## ##
     ##       #### ##     ## ######## ########  ##     ##  ######  ########

You're about to initialize a Firebase project in this directory:

  C:\Users\cssah\visual studio projects\video-stream-backend

[info] 
=== Project Setup
[info] 
[info] First, let's associate this project directory with a Firebase project.
[info] You can create multiple project aliases by running firebase use --add, 
[info] but for now we'll just set up a default project.
[info] 
[debug] [2023-06-20T12:32:06.730Z] >>> [apiv2][query] GET https://firebase.googleapis.com/v1beta1/projects pageSize=100
[debug] [2023-06-20T12:32:07.454Z] <<< [apiv2][status] GET https://firebase.googleapis.com/v1beta1/projects 200
[debug] [2023-06-20T12:32:07.455Z] <<< [apiv2][body] GET https://firebase.googleapis.com/v1beta1/projects [omitted]
[info] i  Using project streaming-app-9549e (streaming-app) 
[info] 
=== Hosting Setup
[info] 
[info] Your public directory is the folder (relative to your project directory) that
[info] will contain Hosting assets to be uploaded with firebase deploy. If you
[info] have a build process for your assets, use your build's output directory.
[info] 
